\BOOKMARK [0][-]{chapter.1}{Foreword}{}% 1
\BOOKMARK [0][-]{chapter.2}{Introduction}{}% 2
\BOOKMARK [-1][-]{part.1}{I\040Context}{}% 3
\BOOKMARK [0][-]{chapter.3}{Organisation}{part.1}% 4
\BOOKMARK [-1][-]{part.2}{II\040Preliminaries}{}% 5
\BOOKMARK [0][-]{chapter.4}{General\040context}{part.2}% 6
\BOOKMARK [0][-]{chapter.5}{Elementary\040concepts}{part.2}% 7
\BOOKMARK [1][-]{section.5.1}{LiDAR}{chapter.5}% 8
\BOOKMARK [1][-]{section.5.2}{Archaeology\040Structures}{chapter.5}% 9
\BOOKMARK [1][-]{section.5.3}{Deep\040Learning}{chapter.5}% 10
\BOOKMARK [0][-]{chapter.6}{Metrics}{part.2}% 11
\BOOKMARK [1][-]{section.6.1}{Type\040of\040Errors}{chapter.6}% 12
\BOOKMARK [1][-]{section.6.2}{Precision\040and\040Recall}{chapter.6}% 13
\BOOKMARK [1][-]{section.6.3}{Intersection\040over\040Union\040\(IoU\)}{chapter.6}% 14
\BOOKMARK [1][-]{section.6.4}{Mean\040Average\040Precision\040\(mAP\)\040and\040F1-Score}{chapter.6}% 15
\BOOKMARK [1][-]{section.6.5}{Evaluating\040a\040model}{chapter.6}% 16
\BOOKMARK [0][-]{chapter.7}{Challenges}{part.2}% 17
\BOOKMARK [1][-]{section.7.1}{Detection\040of\040objects\040in\040LiDAR:\040challenges}{chapter.7}% 18
\BOOKMARK [1][-]{section.7.2}{Dataset}{chapter.7}% 19
\BOOKMARK [0][-]{chapter.8}{State\040of\040the\040Art}{part.2}% 20
\BOOKMARK [1][-]{section.8.1}{You\040Only\040Look\040Twiceyolt}{chapter.8}% 21
\BOOKMARK [2][-]{subsection.8.1.1}{Network\040Architecture}{section.8.1}% 22
\BOOKMARK [2][-]{subsection.8.1.2}{Scale\040Mitigation}{section.8.1}% 23
\BOOKMARK [2][-]{subsection.8.1.3}{Training}{section.8.1}% 24
\BOOKMARK [2][-]{subsection.8.1.4}{Results}{section.8.1}% 25
\BOOKMARK [1][-]{section.8.2}{A\040Simple\040and\040Efficient\040Network\040for\040Small\040Target\040Detectionsen}{chapter.8}% 26
\BOOKMARK [2][-]{subsection.8.2.1}{Proposed\040Modules}{section.8.2}% 27
\BOOKMARK [2][-]{subsection.8.2.2}{General\040Architecture}{section.8.2}% 28
\BOOKMARK [2][-]{subsection.8.2.3}{Results}{section.8.2}% 29
\BOOKMARK [1][-]{section.8.3}{Object\040Detection\040in\040Remote\040Sensing\040Images\040Based\040on\040Improved\040Bounding\040Box\040Regression\040and\040Multi-Level\040Features\040FusionqianAl}{chapter.8}% 30
\BOOKMARK [2][-]{subsection.8.3.1}{Architecture}{section.8.3}% 31
\BOOKMARK [2][-]{subsection.8.3.2}{Generalized\040Intersection\040over\040Union}{section.8.3}% 32
\BOOKMARK [2][-]{subsection.8.3.3}{Bounding\040Box\040Regression\040based\040on\040Improved\040GIoU\040Loss\040\(IGIoU\)}{section.8.3}% 33
\BOOKMARK [2][-]{subsection.8.3.4}{Results}{section.8.3}% 34
\BOOKMARK [1][-]{section.8.4}{A\040Single\040Shot\040Framework\040with\040Multi-Scale\040Feature\040Fusion\040for\040Geospatial\040Object\040Detectionzhuang2019}{chapter.8}% 35
\BOOKMARK [2][-]{subsection.8.4.1}{Architecture}{section.8.4}% 36
\BOOKMARK [2][-]{subsection.8.4.2}{Results}{section.8.4}% 37
\BOOKMARK [0][-]{chapter.9}{State\040of\040the\040Art}{part.2}% 38
\BOOKMARK [1][-]{section.9.1}{Automatic\040Detection\040in\040Magnetostatic\040Surveys\040using\040Convolutional\040Neural\040Networks}{chapter.9}% 39
\BOOKMARK [1][-]{section.9.2}{Learning\040To\040Look\040At\040LiDAR}{chapter.9}% 40
\BOOKMARK [0][-]{chapter.10}{The\040YOLO\040Framework}{part.2}% 41
\BOOKMARK [1][-]{section.10.1}{General\040Principle}{chapter.10}% 42
\BOOKMARK [1][-]{section.10.2}{Network\040design\040and\040Architecture}{chapter.10}% 43
\BOOKMARK [1][-]{section.10.3}{YOLOv4}{chapter.10}% 44
\BOOKMARK [2][-]{subsection.10.3.1}{General\040Architecture\040of\040a\040Object\040Detector}{section.10.3}% 45
\BOOKMARK [2][-]{subsection.10.3.2}{Bag\040of\040Freebies}{section.10.3}% 46
\BOOKMARK [2][-]{subsection.10.3.3}{Bag\040Of\040Specials}{section.10.3}% 47
\BOOKMARK [2][-]{subsection.10.3.4}{Additional\040Improvements}{section.10.3}% 48
\BOOKMARK [2][-]{subsection.10.3.5}{YOLOv4\040Architecture}{section.10.3}% 49
\BOOKMARK [2][-]{subsection.10.3.6}{Results}{section.10.3}% 50
\BOOKMARK [2][-]{subsection.10.3.7}{Influence\040of\040different\040backbones\040and\040pre-trained\040weights\040on\040the\040detector}{section.10.3}% 51
\BOOKMARK [-1][-]{part.3}{III\040Implementation\040and\040Results}{}% 52
\BOOKMARK [0][-]{chapter.11}{Dataset}{part.3}% 53
\BOOKMARK [1][-]{section.11.1}{Dataset\040creation}{chapter.11}% 54
\BOOKMARK [2][-]{subsection.11.1.1}{Cropping\040Images}{section.11.1}% 55
\BOOKMARK [2][-]{subsection.11.1.2}{Annotations}{section.11.1}% 56
\BOOKMARK [0][-]{chapter.12}{Architecture}{part.3}% 57
\BOOKMARK [1][-]{section.12.1}{Feature\040Fusion}{chapter.12}% 58
\BOOKMARK [1][-]{section.12.2}{Backbone\040and\040activation}{chapter.12}% 59
\BOOKMARK [1][-]{section.12.3}{Activation\040Functions}{chapter.12}% 60
\BOOKMARK [2][-]{subsection.12.3.1}{Scaled\040Exponential\040Linear\040Unit}{section.12.3}% 61
\BOOKMARK [2][-]{subsection.12.3.2}{Swish}{section.12.3}% 62
\BOOKMARK [2][-]{subsection.12.3.3}{Mish}{section.12.3}% 63
\BOOKMARK [1][-]{section.12.4}{Dual\040Scale\040Detectors}{chapter.12}% 64
\BOOKMARK [1][-]{section.12.5}{Multi-scale\040Feature\040Fusion}{chapter.12}% 65
\BOOKMARK [1][-]{section.12.6}{Receptive\040Field\040Improvements}{chapter.12}% 66
\BOOKMARK [1][-]{section.12.7}{Attention\040Modules}{chapter.12}% 67
\BOOKMARK [1][-]{section.12.8}{Post-processing}{chapter.12}% 68
\BOOKMARK [1][-]{section.12.9}{List\040of\040all\040the\040possible\040testing\040arrangements}{chapter.12}% 69
\BOOKMARK [1][-]{section.12.10}{YOLOv4}{chapter.12}% 70
\BOOKMARK [0][-]{chapter.13}{Training}{part.3}% 71
\BOOKMARK [1][-]{section.13.1}{Data\040Augmentations}{chapter.13}% 72
\BOOKMARK [2][-]{subsection.13.1.1}{Image\040Modification}{section.13.1}% 73
\BOOKMARK [2][-]{subsection.13.1.2}{Regularization\040and\040Normalization}{section.13.1}% 74
\BOOKMARK [1][-]{section.13.2}{Self\040Adversarial\040Training}{chapter.13}% 75
\BOOKMARK [1][-]{section.13.3}{Loss\040Systems}{chapter.13}% 76
\BOOKMARK [2][-]{subsection.13.3.1}{GIoU,\040DIoU\040and\040CIoU}{section.13.3}% 77
\BOOKMARK [2][-]{subsection.13.3.2}{Loss\040flooding}{section.13.3}% 78
\BOOKMARK [1][-]{section.13.4}{Training\040methodology}{chapter.13}% 79
\BOOKMARK [0][-]{chapter.14}{Results}{part.3}% 80
\BOOKMARK [0][-]{chapter.15}{Discussion}{part.3}% 81
\BOOKMARK [-1][-]{part.4}{IV\040Conclusions}{}% 82
\BOOKMARK [0][-]{chapter.16}{Further\040Improvements}{part.4}% 83
\BOOKMARK [0][-]{chapter.17}{Conclusion}{part.4}% 84
\BOOKMARK [0][-]{section*.60}{Acronymes}{part.4}% 85
\BOOKMARK [0][-]{section*.62}{Glossary}{part.4}% 86
\BOOKMARK [0][-]{chapter*.64}{Bibliography}{part.4}% 87
